{
  "RSpec": {
    "coverage": {
      "/Users/Jay/Turing/3module/projects/4_sweater_weather/sweater_weather/app/services/breweries_service.rb": {
        "lines": [
          1,
          1,
          1,
          1,
          null,
          null,
          1,
          1,
          null,
          null,
          1,
          null
        ]
      },
      "/Users/Jay/Turing/3module/projects/4_sweater_weather/sweater_weather/app/models/application_record.rb": {
        "lines": [
          0,
          0,
          0
        ],
        "branches": {
        }
      },
      "/Users/Jay/Turing/3module/projects/4_sweater_weather/sweater_weather/app/facades/weather_facade.rb": {
        "lines": [
          0,
          0,
          0,
          0,
          0,
          0,
          0,
          null,
          null,
          null,
          null,
          null,
          null,
          null,
          0
        ],
        "branches": {
        }
      },
      "/Users/Jay/Turing/3module/projects/4_sweater_weather/sweater_weather/app/poros/coordinate.rb": {
        "lines": [
          0,
          0,
          null,
          0,
          0,
          0,
          0,
          0
        ],
        "branches": {
        }
      },
      "/Users/Jay/Turing/3module/projects/4_sweater_weather/sweater_weather/app/controllers/application_controller.rb": {
        "lines": [
          0,
          0
        ],
        "branches": {
        }
      },
      "/Users/Jay/Turing/3module/projects/4_sweater_weather/sweater_weather/app/services/location_service.rb": {
        "lines": [
          0,
          0,
          0,
          0,
          0,
          null,
          0,
          0,
          0,
          0,
          0,
          null,
          0,
          0
        ],
        "branches": {
        }
      },
      "/Users/Jay/Turing/3module/projects/4_sweater_weather/sweater_weather/app/services/forecast_service.rb": {
        "lines": [
          0,
          0,
          0,
          0,
          0,
          null,
          0,
          0,
          0,
          0,
          0,
          null,
          0,
          0
        ],
        "branches": {
        }
      }
    },
    "timestamp": 1628529148
  }
}
